# JRE version: OpenJDK Runtime Environment GraalVM CE 22.3.0 (17.0.5+8) (build 17.0.5+8-jvmci-22.3-b08)
# Java VM: OpenJDK 64-Bit Server VM GraalVM CE 22.3.0 (17.0.5+8-jvmci-22.3-b08, mixed mode, sharing, tiered, jvmci, jvmci compiler, compressed oops, compressed class ptrs, parallel gc, linux-amd64)
GC Precious Log:
 CPUs: 8 total, 1 available
 Memory: 1024M
 Large Page Support: Disabled
 NUMA Support: Disabled
 Compressed Oops: Enabled (32-bit)
 Alignments: Space 512K, Generation 512K, Heap 2M
 Heap Min Capacity: 100M
 Heap Initial Capacity: 100M
 Heap Max Capacity: 512M
 Pre-touch: Disabled
 Parallel Workers: 1
Heap:
 PSYoungGen      total 19456K, used 18943K [0x00000000f5580000, 0x00000000f7400000, 0x0000000100000000)
  eden space 18944K, 99% used [0x00000000f5580000,0x00000000f67ffff8,0x00000000f6800000)
  from space 512K, 0% used [0x00000000f6900000,0x00000000f6900000,0x00000000f6980000)
  to   space 5632K, 0% used [0x00000000f6d80000,0x00000000f6d80000,0x00000000f7300000)
 ParOldGen       total 349696K, used 349695K [0x00000000e0000000, 0x00000000f5580000, 0x00000000f5580000)
  object space 349696K, 99% used [0x00000000e0000000,0x00000000f557feb0,0x00000000f5580000)
 Metaspace       used 60012K, committed 61120K, reserved 1105920K
  class space    used 5937K, committed 6464K, reserved 1048576K
GC Heap History (20 events):
Event: 662.462 GC heap before
{Heap before GC invocations=635 (full 535):
 PSYoungGen      total 19456K, used 18943K [0x00000000f5580000, 0x00000000f7400000, 0x0000000100000000)
  eden space 18944K, 99% used [0x00000000f5580000,0x00000000f67ffff8,0x00000000f6800000)
  from space 512K, 0% used [0x00000000f6900000,0x00000000f6900000,0x00000000f6980000)
  to   space 5632K, 0% used [0x00000000f6d80000,0x00000000f6d80000,0x00000000f7300000)
 ParOldGen       total 349696K, used 349693K [0x00000000e0000000, 0x00000000f5580000, 0x00000000f5580000)
  object space 349696K, 99% used [0x00000000e0000000,0x00000000f557f568,0x00000000f5580000)
 Metaspace       used 60012K, committed 61120K, reserved 1105920K
  class space    used 5937K, committed 6464K, reserved 1048576K
}
Event: 663.490 GC heap after
{Heap after GC invocations=635 (full 535):
 PSYoungGen      total 24576K, used 18943K [0x00000000f5580000, 0x00000000f7400000, 0x0000000100000000)
  eden space 18944K, 99% used [0x00000000f5580000,0x00000000f67fffc8,0x00000000f6800000)
  from space 5632K, 0% used [0x00000000f6d80000,0x00000000f6d80000,0x00000000f7300000)
  to   space 512K, 0% used [0x00000000f6900000,0x00000000f6900000,0x00000000f6980000)
 ParOldGen       total 349696K, used 349693K [0x00000000e0000000, 0x00000000f5580000, 0x00000000f5580000)
  object space 349696K, 99% used [0x00000000e0000000,0x00000000f557f568,0x00000000f5580000)
 Metaspace       used 60012K, committed 61120K, reserved 1105920K
  class space    used 5937K, committed 6464K, reserved 1048576K
}
Event: 663.491 GC heap before
{Heap before GC invocations=636 (full 536):
 PSYoungGen      total 24576K, used 18943K [0x00000000f5580000, 0x00000000f7400000, 0x0000000100000000)
  eden space 18944K, 99% used [0x00000000f5580000,0x00000000f67ffff8,0x00000000f6800000)
  from space 5632K, 0% used [0x00000000f6d80000,0x00000000f6d80000,0x00000000f7300000)
  to   space 512K, 0% used [0x00000000f6900000,0x00000000f6900000,0x00000000f6980000)
 ParOldGen       total 349696K, used 349693K [0x00000000e0000000, 0x00000000f5580000, 0x00000000f5580000)
  object space 349696K, 99% used [0x00000000e0000000,0x00000000f557f568,0x00000000f5580000)
 Metaspace       used 60012K, committed 61120K, reserved 1105920K
  class space    used 5937K, committed 6464K, reserved 1048576K
}
Event: 664.575 GC heap after
{Heap after GC invocations=636 (full 536):
 PSYoungGen      total 19456K, used 18943K [0x00000000f5580000, 0x00000000f7400000, 0x0000000100000000)
  eden space 18944K, 99% used [0x00000000f5580000,0x00000000f67fffc8,0x00000000f6800000)
  from space 512K, 0% used [0x00000000f6900000,0x00000000f6900000,0x00000000f6980000)
  to   space 5632K, 0% used [0x00000000f6d80000,0x00000000f6d80000,0x00000000f7300000)
 ParOldGen       total 349696K, used 349693K [0x00000000e0000000, 0x00000000f5580000, 0x00000000f5580000)
  object space 349696K, 99% used [0x00000000e0000000,0x00000000f557f568,0x00000000f5580000)
 Metaspace       used 60012K, committed 61120K, reserved 1105920K
  class space    used 5937K, committed 6464K, reserved 1048576K
}
Event: 664.575 GC heap before
{Heap before GC invocations=637 (full 537):
 PSYoungGen      total 19456K, used 18943K [0x00000000f5580000, 0x00000000f7400000, 0x0000000100000000)
  eden space 18944K, 99% used [0x00000000f5580000,0x00000000f67ffff8,0x00000000f6800000)
  from space 512K, 0% used [0x00000000f6900000,0x00000000f6900000,0x00000000f6980000)
  to   space 5632K, 0% used [0x00000000f6d80000,0x00000000f6d80000,0x00000000f7300000)
 ParOldGen       total 349696K, used 349693K [0x00000000e0000000, 0x00000000f5580000, 0x00000000f5580000)
  object space 349696K, 99% used [0x00000000e0000000,0x00000000f557f568,0x00000000f5580000)
 Metaspace       used 60012K, committed 61120K, reserved 1105920K
  class space    used 5937K, committed 6464K, reserved 1048576K
}
Event: 665.569 GC heap after
{Heap after GC invocations=637 (full 537):
 PSYoungGen      total 24576K, used 18943K [0x00000000f5580000, 0x00000000f7400000, 0x0000000100000000)
  eden space 18944K, 99% used [0x00000000f5580000,0x00000000f67fffc8,0x00000000f6800000)
  from space 5632K, 0% used [0x00000000f6d80000,0x00000000f6d80000,0x00000000f7300000)
  to   space 512K, 0% used [0x00000000f6900000,0x00000000f6900000,0x00000000f6980000)
 ParOldGen       total 349696K, used 349693K [0x00000000e0000000, 0x00000000f5580000, 0x00000000f5580000)
  object space 349696K, 99% used [0x00000000e0000000,0x00000000f557f568,0x00000000f5580000)
 Metaspace       used 60012K, committed 61120K, reserved 1105920K
  class space    used 5937K, committed 6464K, reserved 1048576K
}
Event: 665.570 GC heap before
{Heap before GC invocations=638 (full 538):
 PSYoungGen      total 24576K, used 18944K [0x00000000f5580000, 0x00000000f7400000, 0x0000000100000000)
  eden space 18944K, 100% used [0x00000000f5580000,0x00000000f6800000,0x00000000f6800000)
  from space 5632K, 0% used [0x00000000f6d80000,0x00000000f6d80000,0x00000000f7300000)
  to   space 512K, 0% used [0x00000000f6900000,0x00000000f6900000,0x00000000f6980000)
 ParOldGen       total 349696K, used 349693K [0x00000000e0000000, 0x00000000f5580000, 0x00000000f5580000)
  object space 349696K, 99% used [0x00000000e0000000,0x00000000f557f568,0x00000000f5580000)
 Metaspace       used 60012K, committed 61120K, reserved 1105920K
  class space    used 5937K, committed 6464K, reserved 1048576K
}
Event: 666.643 GC heap after
{Heap after GC invocations=638 (full 538):
 PSYoungGen      total 19456K, used 18943K [0x00000000f5580000, 0x00000000f7400000, 0x0000000100000000)
  eden space 18944K, 99% used [0x00000000f5580000,0x00000000f67fffe0,0x00000000f6800000)
  from space 512K, 0% used [0x00000000f6900000,0x00000000f6900000,0x00000000f6980000)
  to   space 5632K, 0% used [0x00000000f6d80000,0x00000000f6d80000,0x00000000f7300000)
 ParOldGen       total 349696K, used 349693K [0x00000000e0000000, 0x00000000f5580000, 0x00000000f5580000)
  object space 349696K, 99% used [0x00000000e0000000,0x00000000f557f568,0x00000000f5580000)
 Metaspace       used 60012K, committed 61120K, reserved 1105920K
  class space    used 5937K, committed 6464K, reserved 1048576K
}
Event: 666.644 GC heap before
{Heap before GC invocations=639 (full 539):
 PSYoungGen      total 19456K, used 18943K [0x00000000f5580000, 0x00000000f7400000, 0x0000000100000000)
  eden space 18944K, 99% used [0x00000000f5580000,0x00000000f67ffff8,0x00000000f6800000)
  from space 512K, 0% used [0x00000000f6900000,0x00000000f6900000,0x00000000f6980000)
  to   space 5632K, 0% used [0x00000000f6d80000,0x00000000f6d80000,0x00000000f7300000)
 ParOldGen       total 349696K, used 349693K [0x00000000e0000000, 0x00000000f5580000, 0x00000000f5580000)
  object space 349696K, 99% used [0x00000000e0000000,0x00000000f557f568,0x00000000f5580000)
 Metaspace       used 60012K, committed 61120K, reserved 1105920K
  class space    used 5937K, committed 6464K, reserved 1048576K
}
Event: 667.612 GC heap after
{Heap after GC invocations=639 (full 539):
 PSYoungGen      total 24576K, used 18943K [0x00000000f5580000, 0x00000000f7400000, 0x0000000100000000)
  eden space 18944K, 99% used [0x00000000f5580000,0x00000000f67ffff8,0x00000000f6800000)
  from space 5632K, 0% used [0x00000000f6d80000,0x00000000f6d80000,0x00000000f7300000)
  to   space 512K, 0% used [0x00000000f6900000,0x00000000f6900000,0x00000000f6980000)
 ParOldGen       total 349696K, used 349693K [0x00000000e0000000, 0x00000000f5580000, 0x00000000f5580000)
  object space 349696K, 99% used [0x00000000e0000000,0x00000000f557f568,0x00000000f5580000)
 Metaspace       used 60012K, committed 61120K, reserved 1105920K
  class space    used 5937K, committed 6464K, reserved 1048576K
}
Event: 667.612 GC heap before
{Heap before GC invocations=640 (full 540):
 PSYoungGen      total 24576K, used 18943K [0x00000000f5580000, 0x00000000f7400000, 0x0000000100000000)
  eden space 18944K, 99% used [0x00000000f5580000,0x00000000f67ffff8,0x00000000f6800000)
  from space 5632K, 0% used [0x00000000f6d80000,0x00000000f6d80000,0x00000000f7300000)
  to   space 512K, 0% used [0x00000000f6900000,0x00000000f6900000,0x00000000f6980000)
 ParOldGen       total 349696K, used 349695K [0x00000000e0000000, 0x00000000f5580000, 0x00000000f5580000)
  object space 349696K, 99% used [0x00000000e0000000,0x00000000f557fd50,0x00000000f5580000)
 Metaspace       used 60012K, committed 61120K, reserved 1105920K
  class space    used 5937K, committed 6464K, reserved 1048576K
}
Event: 668.659 GC heap after
{Heap after GC invocations=640 (full 540):
 PSYoungGen      total 19456K, used 18943K [0x00000000f5580000, 0x00000000f7400000, 0x0000000100000000)
  eden space 18944K, 99% used [0x00000000f5580000,0x00000000f67fff10,0x00000000f6800000)
  from space 512K, 0% used [0x00000000f6900000,0x00000000f6900000,0x00000000f6980000)
  to   space 5632K, 0% used [0x00000000f6d80000,0x00000000f6d80000,0x00000000f7300000)
 ParOldGen       total 349696K, used 349694K [0x00000000e0000000, 0x00000000f5580000, 0x00000000f5580000)
  object space 349696K, 99% used [0x00000000e0000000,0x00000000f557f988,0x00000000f5580000)
 Metaspace       used 60012K, committed 61120K, reserved 1105920K
  class space    used 5937K, committed 6464K, reserved 1048576K
}
Event: 668.660 GC heap before
{Heap before GC invocations=641 (full 541):
 PSYoungGen      total 19456K, used 18944K [0x00000000f5580000, 0x00000000f7400000, 0x0000000100000000)
  eden space 18944K, 100% used [0x00000000f5580000,0x00000000f6800000,0x00000000f6800000)
  from space 512K, 0% used [0x00000000f6900000,0x00000000f6900000,0x00000000f6980000)
  to   space 5632K, 0% used [0x00000000f6d80000,0x00000000f6d80000,0x00000000f7300000)
 ParOldGen       total 349696K, used 349694K [0x00000000e0000000, 0x00000000f5580000, 0x00000000f5580000)
  object space 349696K, 99% used [0x00000000e0000000,0x00000000f557f988,0x00000000f5580000)
 Metaspace       used 60012K, committed 61120K, reserved 1105920K
  class space    used 5937K, committed 6464K, reserved 1048576K
}
Event: 669.669 GC heap after
{Heap after GC invocations=641 (full 541):
 PSYoungGen      total 24576K, used 18943K [0x00000000f5580000, 0x00000000f7400000, 0x0000000100000000)
  eden space 18944K, 99% used [0x00000000f5580000,0x00000000f67fffe0,0x00000000f6800000)
  from space 5632K, 0% used [0x00000000f6d80000,0x00000000f6d80000,0x00000000f7300000)
  to   space 512K, 0% used [0x00000000f6900000,0x00000000f6900000,0x00000000f6980000)
 ParOldGen       total 349696K, used 349694K [0x00000000e0000000, 0x00000000f5580000, 0x00000000f5580000)
  object space 349696K, 99% used [0x00000000e0000000,0x00000000f557f988,0x00000000f5580000)
 Metaspace       used 60012K, committed 61120K, reserved 1105920K
  class space    used 5937K, committed 6464K, reserved 1048576K
}
Event: 669.670 GC heap before
{Heap before GC invocations=642 (full 542):
 PSYoungGen      total 24576K, used 18943K [0x00000000f5580000, 0x00000000f7400000, 0x0000000100000000)
  eden space 18944K, 99% used [0x00000000f5580000,0x00000000f67ffff8,0x00000000f6800000)
  from space 5632K, 0% used [0x00000000f6d80000,0x00000000f6d80000,0x00000000f7300000)
  to   space 512K, 0% used [0x00000000f6900000,0x00000000f6900000,0x00000000f6980000)
 ParOldGen       total 349696K, used 349694K [0x00000000e0000000, 0x00000000f5580000, 0x00000000f5580000)
  object space 349696K, 99% used [0x00000000e0000000,0x00000000f557f988,0x00000000f5580000)
 Metaspace       used 60012K, committed 61120K, reserved 1105920K
  class space    used 5937K, committed 6464K, reserved 1048576K
}
Event: 670.782 GC heap after
{Heap after GC invocations=642 (full 542):
 PSYoungGen      total 19456K, used 18943K [0x00000000f5580000, 0x00000000f7400000, 0x0000000100000000)
  eden space 18944K, 99% used [0x00000000f5580000,0x00000000f67ffff8,0x00000000f6800000)
  from space 512K, 0% used [0x00000000f6900000,0x00000000f6900000,0x00000000f6980000)
  to   space 5632K, 0% used [0x00000000f6d80000,0x00000000f6d80000,0x00000000f7300000)
 ParOldGen       total 349696K, used 349694K [0x00000000e0000000, 0x00000000f5580000, 0x00000000f5580000)
  object space 349696K, 99% used [0x00000000e0000000,0x00000000f557f988,0x00000000f5580000)
 Metaspace       used 60012K, committed 61120K, reserved 1105920K
  class space    used 5937K, committed 6464K, reserved 1048576K
}
Event: 670.782 GC heap before
{Heap before GC invocations=643 (full 543):
 PSYoungGen      total 19456K, used 18943K [0x00000000f5580000, 0x00000000f7400000, 0x0000000100000000)
  eden space 18944K, 99% used [0x00000000f5580000,0x00000000f67ffff8,0x00000000f6800000)
  from space 512K, 0% used [0x00000000f6900000,0x00000000f6900000,0x00000000f6980000)
  to   space 5632K, 0% used [0x00000000f6d80000,0x00000000f6d80000,0x00000000f7300000)
 ParOldGen       total 349696K, used 349694K [0x00000000e0000000, 0x00000000f5580000, 0x00000000f5580000)
  object space 349696K, 99% used [0x00000000e0000000,0x00000000f557fa40,0x00000000f5580000)
 Metaspace       used 60012K, committed 61120K, reserved 1105920K
  class space    used 5937K, committed 6464K, reserved 1048576K
}
Event: 671.870 GC heap after
{Heap after GC invocations=643 (full 543):
 PSYoungGen      total 24576K, used 18943K [0x00000000f5580000, 0x00000000f7400000, 0x0000000100000000)
  eden space 18944K, 99% used [0x00000000f5580000,0x00000000f67ffff8,0x00000000f6800000)
  from space 5632K, 0% used [0x00000000f6d80000,0x00000000f6d80000,0x00000000f7300000)
  to   space 512K, 0% used [0x00000000f6900000,0x00000000f6900000,0x00000000f6980000)
 ParOldGen       total 349696K, used 349694K [0x00000000e0000000, 0x00000000f5580000, 0x00000000f5580000)
  object space 349696K, 99% used [0x00000000e0000000,0x00000000f557f9a0,0x00000000f5580000)
 Metaspace       used 60012K, committed 61120K, reserved 1105920K
  class space    used 5937K, committed 6464K, reserved 1048576K
}
Event: 671.870 GC heap before
{Heap before GC invocations=644 (full 544):
 PSYoungGen      total 24576K, used 18943K [0x00000000f5580000, 0x00000000f7400000, 0x0000000100000000)
  eden space 18944K, 99% used [0x00000000f5580000,0x00000000f67ffff8,0x00000000f6800000)
  from space 5632K, 0% used [0x00000000f6d80000,0x00000000f6d80000,0x00000000f7300000)
  to   space 512K, 0% used [0x00000000f6900000,0x00000000f6900000,0x00000000f6980000)
 ParOldGen       total 349696K, used 349694K [0x00000000e0000000, 0x00000000f5580000, 0x00000000f5580000)
  object space 349696K, 99% used [0x00000000e0000000,0x00000000f557f9a0,0x00000000f5580000)
 Metaspace       used 60012K, committed 61120K, reserved 1105920K
  class space    used 5937K, committed 6464K, reserved 1048576K
}
Event: 672.883 GC heap after
{Heap after GC invocations=644 (full 544):
 PSYoungGen      total 19456K, used 18943K [0x00000000f5580000, 0x00000000f7400000, 0x0000000100000000)
  eden space 18944K, 99% used [0x00000000f5580000,0x00000000f67ffff8,0x00000000f6800000)
  from space 512K, 0% used [0x00000000f6900000,0x00000000f6900000,0x00000000f6980000)
  to   space 5632K, 0% used [0x00000000f6d80000,0x00000000f6d80000,0x00000000f7300000)
 ParOldGen       total 349696K, used 349694K [0x00000000e0000000, 0x00000000f5580000, 0x00000000f5580000)
  object space 349696K, 99% used [0x00000000e0000000,0x00000000f557f9a0,0x00000000f5580000)
 Metaspace       used 60012K, committed 61120K, reserved 1105920K
  class space    used 5937K, committed 6464K, reserved 1048576K
}

